<?xml version="1.0" encoding="UTF-8"?>
<testsuite xmlns:xsi="http://www.w3.org/2001/XMLSchema-instance" xsi:noNamespaceSchemaLocation="https://maven.apache.org/surefire/maven-surefire-plugin/xsd/surefire-test-report-3.0.xsd" version="3.0" name="com.swifteats.tracking.query.TrackingQuerySseControllerTest" time="1.325" tests="1" errors="0" skipped="0" failures="0">
  <properties>
[...]
</properties>
  <testcase name="streamEndpointConnectsSuccessfully" classname="com.swifteats.tracking.query.TrackingQuerySseControllerTest" time="0.05">
    <system-out><![CDATA[18:42:04.825 [main] INFO org.springframework.test.context.support.AnnotationConfigContextLoaderUtils -- Could not detect default configuration classes for test class [com.swifteats.tracking.query.TrackingQuerySseControllerTest]: TrackingQuerySseControllerTest does not declare any static, non-private, non-final, nested classes annotated with @Configuration.
18:42:04.879 [main] INFO org.springframework.boot.test.context.SpringBootTestContextBootstrapper -- Found @SpringBootConfiguration com.swifteats.tracking.query.TrackingQueryApplication for test class com.swifteats.tracking.query.TrackingQuerySseControllerTest

  .   ____          _            __ _ _
 /\\ / ___'_ __ _ _(_)_ __  __ _ \ \ \ \
( ( )\___ | '_ | '_| | '_ \/ _` | \ \ \ \
 \\/  ___)| |_)| | | | | || (_| |  ) ) ) )
  '  |____| .__|_| |_|_| |_\__, | / / / /
 =========|_|==============|___/=/_/_/_/

 :: Spring Boot ::                (v3.5.2)

2025-08-18T18:42:05.146+05:30  INFO 69370 --- [tracking-query-service] [           main] c.s.t.q.TrackingQuerySseControllerTest   : Starting TrackingQuerySseControllerTest using Java 21.0.3 with PID 69370 (started by deependraverma in /Users/deependraverma/Documents/Projects/AI/swifteats-delivery-service-new/tracking-query-service)
{"@timestamp":"2025-08-18T18:42:05.146144+05:30","@version":"1","message":"Starting TrackingQuerySseControllerTest using Java 21.0.3 with PID 69370 (started by deependraverma in /Users/deependraverma/Documents/Projects/AI/swifteats-delivery-service-new/tracking-query-service)","logger_name":"com.swifteats.tracking.query.TrackingQuerySseControllerTest","thread_name":"main","level":"INFO"}
2025-08-18T18:42:05.149+05:30  INFO 69370 --- [tracking-query-service] [           main] c.s.t.q.TrackingQuerySseControllerTest   : No active profile set, falling back to 1 default profile: "default"
{"@timestamp":"2025-08-18T18:42:05.149847+05:30","@version":"1","message":"No active profile set, falling back to 1 default profile: \"default\"","logger_name":"com.swifteats.tracking.query.TrackingQuerySseControllerTest","thread_name":"main","level":"INFO"}
2025-08-18T18:42:06.001+05:30  INFO 69370 --- [tracking-query-service] [           main] o.s.b.t.m.w.SpringBootMockServletContext : Initializing Spring TestDispatcherServlet ''
{"@timestamp":"2025-08-18T18:42:06.00122+05:30","@version":"1","message":"Initializing Spring TestDispatcherServlet ''","logger_name":"org.springframework.boot.test.mock.web.SpringBootMockServletContext","thread_name":"main","level":"INFO"}
2025-08-18T18:42:06.001+05:30  INFO 69370 --- [tracking-query-service] [           main] o.s.t.web.servlet.TestDispatcherServlet  : Initializing Servlet ''
{"@timestamp":"2025-08-18T18:42:06.001591+05:30","@version":"1","message":"Initializing Servlet ''","logger_name":"org.springframework.test.web.servlet.TestDispatcherServlet","thread_name":"main","level":"INFO"}
2025-08-18T18:42:06.002+05:30  INFO 69370 --- [tracking-query-service] [           main] o.s.t.web.servlet.TestDispatcherServlet  : Completed initialization in 1 ms
{"@timestamp":"2025-08-18T18:42:06.002133+05:30","@version":"1","message":"Completed initialization in 1 ms","logger_name":"org.springframework.test.web.servlet.TestDispatcherServlet","thread_name":"main","level":"INFO"}
2025-08-18T18:42:06.043+05:30  INFO 69370 --- [tracking-query-service] [           main] c.s.t.q.TrackingQuerySseControllerTest   : Started TrackingQuerySseControllerTest in 1.136 seconds (process running for 1.469)
{"@timestamp":"2025-08-18T18:42:06.043182+05:30","@version":"1","message":"Started TrackingQuerySseControllerTest in 1.136 seconds (process running for 1.469)","logger_name":"com.swifteats.tracking.query.TrackingQuerySseControllerTest","thread_name":"main","level":"INFO"}
]]></system-out>
    <system-err><![CDATA[Mockito is currently self-attaching to enable the inline-mock-maker. This will no longer work in future releases of the JDK. Please add Mockito as an agent to your build as described in Mockito's documentation: https://javadoc.io/doc/org.mockito/mockito-core/latest/org.mockito/org/mockito/Mockito.html#0.3
WARNING: A Java agent has been loaded dynamically (/Users/deependraverma/.m2/repository/net/bytebuddy/byte-buddy-agent/1.17.6/byte-buddy-agent-1.17.6.jar)
WARNING: If a serviceability tool is in use, please run with -XX:+EnableDynamicAgentLoading to hide this warning
WARNING: If a serviceability tool is not in use, please run with -Djdk.instrument.traceUsage for more information
WARNING: Dynamic loading of agents will be disallowed by default in a future release
]]></system-err>
  </testcase>
</testsuite>