<?xml version="1.0" encoding="UTF-8"?>
<testsuite xmlns:xsi="http://www.w3.org/2001/XMLSchema-instance" xsi:noNamespaceSchemaLocation="https://maven.apache.org/surefire/maven-surefire-plugin/xsd/surefire-test-report-3.0.xsd" version="3.0" name="com.swifteats.tracking.query.TrackingQueryIntegrationTest" time="62.778" tests="2" errors="0" skipped="0" failures="0">
  <properties>
[...]
</properties>
  <testcase name="pingAvailable" classname="com.swifteats.tracking.query.TrackingQueryIntegrationTest" time="0.134">
    <system-out><![CDATA[2025-08-18T18:42:06.116+05:30  INFO 69370 --- [tracking-query-service] [           main] o.t.utility.ImageNameSubstitutor         : Image name substitution will be performed by: DefaultImageNameSubstitutor (composite of 'ConfigurationFileImageNameSubstitutor' and 'PrefixingImageNameSubstitutor')
{"@timestamp":"2025-08-18T18:42:06.116206+05:30","@version":"1","message":"Image name substitution will be performed by: DefaultImageNameSubstitutor (composite of 'ConfigurationFileImageNameSubstitutor' and 'PrefixingImageNameSubstitutor')","logger_name":"org.testcontainers.utility.ImageNameSubstitutor","thread_name":"main","level":"INFO"}
2025-08-18T18:42:06.187+05:30  INFO 69370 --- [tracking-query-service] [           main] o.t.d.DockerClientProviderStrategy       : Loaded org.testcontainers.dockerclient.UnixSocketClientProviderStrategy from ~/.testcontainers.properties, will try it first
{"@timestamp":"2025-08-18T18:42:06.187568+05:30","@version":"1","message":"Loaded org.testcontainers.dockerclient.UnixSocketClientProviderStrategy from ~/.testcontainers.properties, will try it first","logger_name":"org.testcontainers.dockerclient.DockerClientProviderStrategy","thread_name":"main","level":"INFO"}
2025-08-18T18:42:06.295+05:30  INFO 69370 --- [tracking-query-service] [           main] o.t.d.DockerClientProviderStrategy       : Found Docker environment with local Unix socket (unix:///var/run/docker.sock)
{"@timestamp":"2025-08-18T18:42:06.295072+05:30","@version":"1","message":"Found Docker environment with local Unix socket (unix:///var/run/docker.sock)","logger_name":"org.testcontainers.dockerclient.DockerClientProviderStrategy","thread_name":"main","level":"INFO"}
2025-08-18T18:42:06.295+05:30  INFO 69370 --- [tracking-query-service] [           main] org.testcontainers.DockerClientFactory   : Docker host IP address is localhost
{"@timestamp":"2025-08-18T18:42:06.295837+05:30","@version":"1","message":"Docker host IP address is localhost","logger_name":"org.testcontainers.DockerClientFactory","thread_name":"main","level":"INFO"}
2025-08-18T18:42:06.307+05:30  INFO 69370 --- [tracking-query-service] [           main] org.testcontainers.DockerClientFactory   : Connected to docker: 
  Server Version: 28.3.2
  API Version: 1.51
  Operating System: Docker Desktop
  Total Memory: 7837 MB
{"@timestamp":"2025-08-18T18:42:06.307771+05:30","@version":"1","message":"Connected to docker: \n  Server Version: 28.3.2\n  API Version: 1.51\n  Operating System: Docker Desktop\n  Total Memory: 7837 MB","logger_name":"org.testcontainers.DockerClientFactory","thread_name":"main","level":"INFO"}
2025-08-18T18:42:06.409+05:30  INFO 69370 --- [tracking-query-service] [           main] tc.testcontainers/ryuk:0.5.1             : Creating container for image: testcontainers/ryuk:0.5.1
{"@timestamp":"2025-08-18T18:42:06.409525+05:30","@version":"1","message":"Creating container for image: testcontainers/ryuk:0.5.1","logger_name":"tc.testcontainers/ryuk:0.5.1","thread_name":"main","level":"INFO"}
2025-08-18T18:42:06.554+05:30  INFO 69370 --- [tracking-query-service] [           main] o.t.utility.RegistryAuthLocator          : Credential helper/store (docker-credential-desktop) does not have credentials for https://index.docker.io/v1/
{"@timestamp":"2025-08-18T18:42:06.55478+05:30","@version":"1","message":"Credential helper/store (docker-credential-desktop) does not have credentials for https://index.docker.io/v1/","logger_name":"org.testcontainers.utility.RegistryAuthLocator","thread_name":"main","level":"INFO"}
2025-08-18T18:42:06.607+05:30  INFO 69370 --- [tracking-query-service] [           main] tc.testcontainers/ryuk:0.5.1             : Container testcontainers/ryuk:0.5.1 is starting: f9aa1181c6bfbd0691d87dc921157b7dcd7ec3bcd2725459313576004a833493
{"@timestamp":"2025-08-18T18:42:06.607939+05:30","@version":"1","message":"Container testcontainers/ryuk:0.5.1 is starting: f9aa1181c6bfbd0691d87dc921157b7dcd7ec3bcd2725459313576004a833493","logger_name":"tc.testcontainers/ryuk:0.5.1","thread_name":"main","level":"INFO"}
2025-08-18T18:42:06.770+05:30  INFO 69370 --- [tracking-query-service] [           main] tc.testcontainers/ryuk:0.5.1             : Container testcontainers/ryuk:0.5.1 started in PT0.460057S
{"@timestamp":"2025-08-18T18:42:06.770186+05:30","@version":"1","message":"Container testcontainers/ryuk:0.5.1 started in PT0.460057S","logger_name":"tc.testcontainers/ryuk:0.5.1","thread_name":"main","level":"INFO"}
2025-08-18T18:42:06.774+05:30  INFO 69370 --- [tracking-query-service] [           main] o.t.utility.RyukResourceReaper           : Ryuk started - will monitor and terminate Testcontainers containers on JVM exit
{"@timestamp":"2025-08-18T18:42:06.774754+05:30","@version":"1","message":"Ryuk started - will monitor and terminate Testcontainers containers on JVM exit","logger_name":"org.testcontainers.utility.RyukResourceReaper","thread_name":"main","level":"INFO"}
2025-08-18T18:42:06.774+05:30  INFO 69370 --- [tracking-query-service] [           main] org.testcontainers.DockerClientFactory   : Checking the system...
{"@timestamp":"2025-08-18T18:42:06.774993+05:30","@version":"1","message":"Checking the system...","logger_name":"org.testcontainers.DockerClientFactory","thread_name":"main","level":"INFO"}
2025-08-18T18:42:06.775+05:30  INFO 69370 --- [tracking-query-service] [           main] org.testcontainers.DockerClientFactory   : ✔︎ Docker server version should be at least 1.6.0
{"@timestamp":"2025-08-18T18:42:06.775222+05:30","@version":"1","message":"✔︎ Docker server version should be at least 1.6.0","logger_name":"org.testcontainers.DockerClientFactory","thread_name":"main","level":"INFO"}
2025-08-18T18:42:06.775+05:30  INFO 69370 --- [tracking-query-service] [           main] tc.redis:7                               : Creating container for image: redis:7
{"@timestamp":"2025-08-18T18:42:06.775633+05:30","@version":"1","message":"Creating container for image: redis:7","logger_name":"tc.redis:7","thread_name":"main","level":"INFO"}
2025-08-18T18:42:06.805+05:30  INFO 69370 --- [tracking-query-service] [           main] tc.redis:7                               : Container redis:7 is starting: 612bdbdea98e6be91343cec9889b57a2dbb87785019b5c7073be8f3036bde701
{"@timestamp":"2025-08-18T18:42:06.805948+05:30","@version":"1","message":"Container redis:7 is starting: 612bdbdea98e6be91343cec9889b57a2dbb87785019b5c7073be8f3036bde701","logger_name":"tc.redis:7","thread_name":"main","level":"INFO"}
2025-08-18T18:42:07.002+05:30  INFO 69370 --- [tracking-query-service] [           main] tc.redis:7                               : Container redis:7 started in PT0.227074S
{"@timestamp":"2025-08-18T18:42:07.002624+05:30","@version":"1","message":"Container redis:7 started in PT0.227074S","logger_name":"tc.redis:7","thread_name":"main","level":"INFO"}
2025-08-18T18:42:07.004+05:30  INFO 69370 --- [tracking-query-service] [           main] t.c.s.AnnotationConfigContextLoaderUtils : Could not detect default configuration classes for test class [com.swifteats.tracking.query.TrackingQueryIntegrationTest]: TrackingQueryIntegrationTest does not declare any static, non-private, non-final, nested classes annotated with @Configuration.
{"@timestamp":"2025-08-18T18:42:07.004532+05:30","@version":"1","message":"Could not detect default configuration classes for test class [com.swifteats.tracking.query.TrackingQueryIntegrationTest]: TrackingQueryIntegrationTest does not declare any static, non-private, non-final, nested classes annotated with @Configuration.","logger_name":"org.springframework.test.context.support.AnnotationConfigContextLoaderUtils","thread_name":"main","level":"INFO"}
2025-08-18T18:42:07.006+05:30  INFO 69370 --- [tracking-query-service] [           main] .b.t.c.SpringBootTestContextBootstrapper : Found @SpringBootConfiguration com.swifteats.tracking.query.TrackingQueryApplication for test class com.swifteats.tracking.query.TrackingQueryIntegrationTest
{"@timestamp":"2025-08-18T18:42:07.00647+05:30","@version":"1","message":"Found @SpringBootConfiguration com.swifteats.tracking.query.TrackingQueryApplication for test class com.swifteats.tracking.query.TrackingQueryIntegrationTest","logger_name":"org.springframework.boot.test.context.SpringBootTestContextBootstrapper","thread_name":"main","level":"INFO"}

  .   ____          _            __ _ _
 /\\ / ___'_ __ _ _(_)_ __  __ _ \ \ \ \
( ( )\___ | '_ | '_| | '_ \/ _` | \ \ \ \
 \\/  ___)| |_)| | | | | || (_| |  ) ) ) )
  '  |____| .__|_| |_|_| |_\__, | / / / /
 =========|_|==============|___/=/_/_/_/

 :: Spring Boot ::                (v3.5.2)

2025-08-18T18:42:07.025+05:30  INFO 69370 --- [tracking-query-service] [           main] c.s.t.q.TrackingQueryIntegrationTest     : Starting TrackingQueryIntegrationTest using Java 21.0.3 with PID 69370 (started by deependraverma in /Users/deependraverma/Documents/Projects/AI/swifteats-delivery-service-new/tracking-query-service)
{"@timestamp":"2025-08-18T18:42:07.025181+05:30","@version":"1","message":"Starting TrackingQueryIntegrationTest using Java 21.0.3 with PID 69370 (started by deependraverma in /Users/deependraverma/Documents/Projects/AI/swifteats-delivery-service-new/tracking-query-service)","logger_name":"com.swifteats.tracking.query.TrackingQueryIntegrationTest","thread_name":"main","level":"INFO"}
2025-08-18T18:42:07.025+05:30  INFO 69370 --- [tracking-query-service] [           main] c.s.t.q.TrackingQueryIntegrationTest     : No active profile set, falling back to 1 default profile: "default"
{"@timestamp":"2025-08-18T18:42:07.025479+05:30","@version":"1","message":"No active profile set, falling back to 1 default profile: \"default\"","logger_name":"com.swifteats.tracking.query.TrackingQueryIntegrationTest","thread_name":"main","level":"INFO"}
2025-08-18T18:42:07.212+05:30  INFO 69370 --- [tracking-query-service] [           main] .s.d.r.c.RepositoryConfigurationDelegate : Multiple Spring Data modules found, entering strict repository configuration mode
{"@timestamp":"2025-08-18T18:42:07.212562+05:30","@version":"1","message":"Multiple Spring Data modules found, entering strict repository configuration mode","logger_name":"org.springframework.data.repository.config.RepositoryConfigurationDelegate","thread_name":"main","level":"INFO"}
2025-08-18T18:42:07.213+05:30  INFO 69370 --- [tracking-query-service] [           main] .s.d.r.c.RepositoryConfigurationDelegate : Bootstrapping Spring Data Redis repositories in DEFAULT mode.
{"@timestamp":"2025-08-18T18:42:07.213566+05:30","@version":"1","message":"Bootstrapping Spring Data Redis repositories in DEFAULT mode.","logger_name":"org.springframework.data.repository.config.RepositoryConfigurationDelegate","thread_name":"main","level":"INFO"}
2025-08-18T18:42:07.223+05:30  INFO 69370 --- [tracking-query-service] [           main] .s.d.r.c.RepositoryConfigurationDelegate : Finished Spring Data repository scanning in 2 ms. Found 0 Redis repository interfaces.
{"@timestamp":"2025-08-18T18:42:07.223238+05:30","@version":"1","message":"Finished Spring Data repository scanning in 2 ms. Found 0 Redis repository interfaces.","logger_name":"org.springframework.data.repository.config.RepositoryConfigurationDelegate","thread_name":"main","level":"INFO"}
2025-08-18T18:42:07.366+05:30  INFO 69370 --- [tracking-query-service] [           main] o.s.b.w.embedded.tomcat.TomcatWebServer  : Tomcat initialized with port 0 (http)
{"@timestamp":"2025-08-18T18:42:07.366687+05:30","@version":"1","message":"Tomcat initialized with port 0 (http)","logger_name":"org.springframework.boot.web.embedded.tomcat.TomcatWebServer","thread_name":"main","level":"INFO"}
2025-08-18T18:42:07.372+05:30  INFO 69370 --- [tracking-query-service] [           main] o.apache.catalina.core.StandardService   : Starting service [Tomcat]
{"@timestamp":"2025-08-18T18:42:07.37234+05:30","@version":"1","message":"Starting service [Tomcat]","logger_name":"org.apache.catalina.core.StandardService","thread_name":"main","level":"INFO"}
2025-08-18T18:42:07.372+05:30  INFO 69370 --- [tracking-query-service] [           main] o.apache.catalina.core.StandardEngine    : Starting Servlet engine: [Apache Tomcat/10.1.42]
{"@timestamp":"2025-08-18T18:42:07.372605+05:30","@version":"1","message":"Starting Servlet engine: [Apache Tomcat/10.1.42]","logger_name":"org.apache.catalina.core.StandardEngine","thread_name":"main","level":"INFO"}
2025-08-18T18:42:07.390+05:30  INFO 69370 --- [tracking-query-service] [           main] o.a.c.c.C.[Tomcat].[localhost].[/]       : Initializing Spring embedded WebApplicationContext
{"@timestamp":"2025-08-18T18:42:07.390631+05:30","@version":"1","message":"Initializing Spring embedded WebApplicationContext","logger_name":"org.apache.catalina.core.ContainerBase.[Tomcat].[localhost].[/]","thread_name":"main","level":"INFO"}
2025-08-18T18:42:07.390+05:30  INFO 69370 --- [tracking-query-service] [           main] w.s.c.ServletWebServerApplicationContext : Root WebApplicationContext: initialization completed in 364 ms
{"@timestamp":"2025-08-18T18:42:07.390924+05:30","@version":"1","message":"Root WebApplicationContext: initialization completed in 364 ms","logger_name":"org.springframework.boot.web.servlet.context.ServletWebServerApplicationContext","thread_name":"main","level":"INFO"}
2025-08-18T18:42:07.468+05:30 ERROR 69370 --- [tracking-query-service] [           main] i.n.r.d.DnsServerAddressStreamProviders  : Unable to load io.netty.resolver.dns.macos.MacOSDnsServerAddressStreamProvider, fallback to system defaults. This may result in incorrect DNS resolutions on MacOS. Check whether you have a dependency on 'io.netty:netty-resolver-dns-native-macos'. Use DEBUG level to see the full stack: java.lang.UnsatisfiedLinkError: failed to load the required native library
{"@timestamp":"2025-08-18T18:42:07.468213+05:30","@version":"1","message":"Unable to load io.netty.resolver.dns.macos.MacOSDnsServerAddressStreamProvider, fallback to system defaults. This may result in incorrect DNS resolutions on MacOS. Check whether you have a dependency on 'io.netty:netty-resolver-dns-native-macos'. Use DEBUG level to see the full stack: java.lang.UnsatisfiedLinkError: failed to load the required native library","logger_name":"io.netty.resolver.dns.DnsServerAddressStreamProviders","thread_name":"main","level":"ERROR"}
2025-08-18T18:42:07.658+05:30  INFO 69370 --- [tracking-query-service] [           main] o.s.b.a.e.web.EndpointLinksResolver      : Exposing 2 endpoints beneath base path '/actuator'
{"@timestamp":"2025-08-18T18:42:07.658292+05:30","@version":"1","message":"Exposing 2 endpoints beneath base path '/actuator'","logger_name":"org.springframework.boot.actuate.endpoint.web.EndpointLinksResolver","thread_name":"main","level":"INFO"}
2025-08-18T18:42:07.702+05:30  INFO 69370 --- [tracking-query-service] [           main] o.s.b.w.embedded.tomcat.TomcatWebServer  : Tomcat started on port 56860 (http) with context path '/'
{"@timestamp":"2025-08-18T18:42:07.702962+05:30","@version":"1","message":"Tomcat started on port 56860 (http) with context path '/'","logger_name":"org.springframework.boot.web.embedded.tomcat.TomcatWebServer","thread_name":"main","level":"INFO"}
2025-08-18T18:42:07.708+05:30  INFO 69370 --- [tracking-query-service] [           main] c.s.t.q.TrackingQueryIntegrationTest     : Started TrackingQueryIntegrationTest in 0.699 seconds (process running for 3.135)
{"@timestamp":"2025-08-18T18:42:07.708627+05:30","@version":"1","message":"Started TrackingQueryIntegrationTest in 0.699 seconds (process running for 3.135)","logger_name":"com.swifteats.tracking.query.TrackingQueryIntegrationTest","thread_name":"main","level":"INFO"}
2025-08-18T18:42:07.837+05:30  INFO 69370 --- [tracking-query-service] [o-auto-1-exec-1] o.a.c.c.C.[Tomcat].[localhost].[/]       : Initializing Spring DispatcherServlet 'dispatcherServlet'
{"@timestamp":"2025-08-18T18:42:07.837622+05:30","@version":"1","message":"Initializing Spring DispatcherServlet 'dispatcherServlet'","logger_name":"org.apache.catalina.core.ContainerBase.[Tomcat].[localhost].[/]","thread_name":"http-nio-auto-1-exec-1","level":"INFO"}
2025-08-18T18:42:07.837+05:30  INFO 69370 --- [tracking-query-service] [o-auto-1-exec-1] o.s.web.servlet.DispatcherServlet        : Initializing Servlet 'dispatcherServlet'
{"@timestamp":"2025-08-18T18:42:07.837894+05:30","@version":"1","message":"Initializing Servlet 'dispatcherServlet'","logger_name":"org.springframework.web.servlet.DispatcherServlet","thread_name":"http-nio-auto-1-exec-1","level":"INFO"}
2025-08-18T18:42:07.838+05:30  INFO 69370 --- [tracking-query-service] [o-auto-1-exec-1] o.s.web.servlet.DispatcherServlet        : Completed initialization in 1 ms
{"@timestamp":"2025-08-18T18:42:07.838311+05:30","@version":"1","message":"Completed initialization in 1 ms","logger_name":"org.springframework.web.servlet.DispatcherServlet","thread_name":"http-nio-auto-1-exec-1","level":"INFO"}
]]></system-out>
    <system-err><![CDATA[Exception in thread "pool-3-thread-1" java.lang.NullPointerException: Cannot invoke "org.springframework.data.redis.core.ValueOperations.get(Object)" because the return value of "org.springframework.data.redis.core.StringRedisTemplate.opsForValue()" is null
	at com.swifteats.tracking.query.controller.TrackingQuerySseController.lambda$streamDriverLocation$0(TrackingQuerySseController.java:38)
	at java.base/java.util.concurrent.ThreadPoolExecutor.runWorker(ThreadPoolExecutor.java:1144)
	at java.base/java.util.concurrent.ThreadPoolExecutor$Worker.run(ThreadPoolExecutor.java:642)
	at java.base/java.lang.Thread.run(Thread.java:1583)
]]></system-err>
  </testcase>
  <testcase name="sseStreamReceivesValueFromRedis" classname="com.swifteats.tracking.query.TrackingQueryIntegrationTest" time="60.85">
    <system-out><![CDATA[2025-08-18T18:43:08.718+05:30  WARN 69370 --- [tracking-query-service] [o-auto-1-exec-3] .w.s.m.s.DefaultHandlerExceptionResolver : Ignoring exception, response committed already: org.springframework.web.context.request.async.AsyncRequestTimeoutException
{"@timestamp":"2025-08-18T18:43:08.718833+05:30","@version":"1","message":"Ignoring exception, response committed already: org.springframework.web.context.request.async.AsyncRequestTimeoutException","logger_name":"org.springframework.web.servlet.mvc.support.DefaultHandlerExceptionResolver","thread_name":"http-nio-auto-1-exec-3","level":"WARN"}
2025-08-18T18:43:08.721+05:30  WARN 69370 --- [tracking-query-service] [o-auto-1-exec-3] .w.s.m.s.DefaultHandlerExceptionResolver : Resolved [org.springframework.web.context.request.async.AsyncRequestTimeoutException]
{"@timestamp":"2025-08-18T18:43:08.721034+05:30","@version":"1","message":"Resolved [org.springframework.web.context.request.async.AsyncRequestTimeoutException]","logger_name":"org.springframework.web.servlet.mvc.support.DefaultHandlerExceptionResolver","thread_name":"http-nio-auto-1-exec-3","level":"WARN"}
]]></system-out>
  </testcase>
</testsuite>