<?xml version="1.0" encoding="UTF-8"?>
<testsuite xmlns:xsi="http://www.w3.org/2001/XMLSchema-instance" xsi:noNamespaceSchemaLocation="https://maven.apache.org/surefire/maven-surefire-plugin/xsd/surefire-test-report-3.0.xsd" version="3.0" name="com.swifteats.tracking.query.TrackingQueryIntegrationTest" time="62.969" tests="2" errors="0" skipped="0" failures="0">
  <properties>
[...]
</properties>
  <testcase name="pingAvailable" classname="com.swifteats.tracking.query.TrackingQueryIntegrationTest" time="0.131">
    <system-out><![CDATA[2025-08-18T23:27:44.431+05:30  INFO 12724 --- [tracking-query-service] [           main] o.t.utility.ImageNameSubstitutor         : Image name substitution will be performed by: DefaultImageNameSubstitutor (composite of 'ConfigurationFileImageNameSubstitutor' and 'PrefixingImageNameSubstitutor')
2025-08-18T23:27:44.511+05:30  INFO 12724 --- [tracking-query-service] [           main] o.t.d.DockerClientProviderStrategy       : Loaded org.testcontainers.dockerclient.UnixSocketClientProviderStrategy from ~/.testcontainers.properties, will try it first
2025-08-18T23:27:44.636+05:30  INFO 12724 --- [tracking-query-service] [           main] o.t.d.DockerClientProviderStrategy       : Found Docker environment with local Unix socket (unix:///var/run/docker.sock)
2025-08-18T23:27:44.636+05:30  INFO 12724 --- [tracking-query-service] [           main] org.testcontainers.DockerClientFactory   : Docker host IP address is localhost
2025-08-18T23:27:44.647+05:30  INFO 12724 --- [tracking-query-service] [           main] org.testcontainers.DockerClientFactory   : Connected to docker: 
  Server Version: 28.3.2
  API Version: 1.51
  Operating System: Docker Desktop
  Total Memory: 7837 MB
2025-08-18T23:27:44.777+05:30  INFO 12724 --- [tracking-query-service] [           main] tc.testcontainers/ryuk:0.5.1             : Creating container for image: testcontainers/ryuk:0.5.1
2025-08-18T23:27:44.929+05:30  INFO 12724 --- [tracking-query-service] [           main] o.t.utility.RegistryAuthLocator          : Credential helper/store (docker-credential-desktop) does not have credentials for https://index.docker.io/v1/
2025-08-18T23:27:44.990+05:30  INFO 12724 --- [tracking-query-service] [           main] tc.testcontainers/ryuk:0.5.1             : Container testcontainers/ryuk:0.5.1 is starting: f43d64d312ed6459829ff8bee737154c5df64c6a40df20620e6e377167168460
2025-08-18T23:27:45.179+05:30  INFO 12724 --- [tracking-query-service] [           main] tc.testcontainers/ryuk:0.5.1             : Container testcontainers/ryuk:0.5.1 started in PT0.529812S
2025-08-18T23:27:45.184+05:30  INFO 12724 --- [tracking-query-service] [           main] o.t.utility.RyukResourceReaper           : Ryuk started - will monitor and terminate Testcontainers containers on JVM exit
2025-08-18T23:27:45.184+05:30  INFO 12724 --- [tracking-query-service] [           main] org.testcontainers.DockerClientFactory   : Checking the system...
2025-08-18T23:27:45.184+05:30  INFO 12724 --- [tracking-query-service] [           main] org.testcontainers.DockerClientFactory   : ✔︎ Docker server version should be at least 1.6.0
2025-08-18T23:27:45.185+05:30  INFO 12724 --- [tracking-query-service] [           main] tc.redis:7                               : Creating container for image: redis:7
2025-08-18T23:27:45.215+05:30  INFO 12724 --- [tracking-query-service] [           main] tc.redis:7                               : Container redis:7 is starting: 8d72a08097bcf1bd446cc8d6fccb53cacb4dc978960ad63c672b7ab665278c64
2025-08-18T23:27:45.372+05:30  INFO 12724 --- [tracking-query-service] [           main] tc.redis:7                               : Container redis:7 started in PT0.186929S
2025-08-18T23:27:45.374+05:30  INFO 12724 --- [tracking-query-service] [           main] t.c.s.AnnotationConfigContextLoaderUtils : Could not detect default configuration classes for test class [com.swifteats.tracking.query.TrackingQueryIntegrationTest]: TrackingQueryIntegrationTest does not declare any static, non-private, non-final, nested classes annotated with @Configuration.
2025-08-18T23:27:45.375+05:30  INFO 12724 --- [tracking-query-service] [           main] .b.t.c.SpringBootTestContextBootstrapper : Found @SpringBootConfiguration com.swifteats.tracking.query.TrackingQueryApplication for test class com.swifteats.tracking.query.TrackingQueryIntegrationTest

  .   ____          _            __ _ _
 /\\ / ___'_ __ _ _(_)_ __  __ _ \ \ \ \
( ( )\___ | '_ | '_| | '_ \/ _` | \ \ \ \
 \\/  ___)| |_)| | | | | || (_| |  ) ) ) )
  '  |____| .__|_| |_|_| |_\__, | / / / /
 =========|_|==============|___/=/_/_/_/

 :: Spring Boot ::                (v3.5.2)

2025-08-18T23:27:45.392+05:30  INFO 12724 --- [tracking-query-service] [           main] c.s.t.q.TrackingQueryIntegrationTest     : Starting TrackingQueryIntegrationTest using Java 21.0.3 with PID 12724 (started by deependraverma in /Users/deependraverma/Documents/Projects/AI/swifteats-delivery-service-new/tracking-query-service)
2025-08-18T23:27:45.393+05:30  INFO 12724 --- [tracking-query-service] [           main] c.s.t.q.TrackingQueryIntegrationTest     : No active profile set, falling back to 1 default profile: "default"
2025-08-18T23:27:45.589+05:30  INFO 12724 --- [tracking-query-service] [           main] .s.d.r.c.RepositoryConfigurationDelegate : Multiple Spring Data modules found, entering strict repository configuration mode
2025-08-18T23:27:45.590+05:30  INFO 12724 --- [tracking-query-service] [           main] .s.d.r.c.RepositoryConfigurationDelegate : Bootstrapping Spring Data Redis repositories in DEFAULT mode.
2025-08-18T23:27:45.599+05:30  INFO 12724 --- [tracking-query-service] [           main] .s.d.r.c.RepositoryConfigurationDelegate : Finished Spring Data repository scanning in 2 ms. Found 0 Redis repository interfaces.
2025-08-18T23:27:45.726+05:30  INFO 12724 --- [tracking-query-service] [           main] o.s.b.w.embedded.tomcat.TomcatWebServer  : Tomcat initialized with port 0 (http)
2025-08-18T23:27:45.731+05:30  INFO 12724 --- [tracking-query-service] [           main] o.apache.catalina.core.StandardService   : Starting service [Tomcat]
2025-08-18T23:27:45.731+05:30  INFO 12724 --- [tracking-query-service] [           main] o.apache.catalina.core.StandardEngine    : Starting Servlet engine: [Apache Tomcat/10.1.42]
2025-08-18T23:27:45.749+05:30  INFO 12724 --- [tracking-query-service] [           main] o.a.c.c.C.[Tomcat].[localhost].[/]       : Initializing Spring embedded WebApplicationContext
2025-08-18T23:27:45.749+05:30  INFO 12724 --- [tracking-query-service] [           main] w.s.c.ServletWebServerApplicationContext : Root WebApplicationContext: initialization completed in 355 ms
2025-08-18T23:27:45.838+05:30 ERROR 12724 --- [tracking-query-service] [           main] i.n.r.d.DnsServerAddressStreamProviders  : Unable to load io.netty.resolver.dns.macos.MacOSDnsServerAddressStreamProvider, fallback to system defaults. This may result in incorrect DNS resolutions on MacOS. Check whether you have a dependency on 'io.netty:netty-resolver-dns-native-macos'. Use DEBUG level to see the full stack: java.lang.UnsatisfiedLinkError: failed to load the required native library
2025-08-18T23:27:46.026+05:30  INFO 12724 --- [tracking-query-service] [           main] o.s.b.a.e.web.EndpointLinksResolver      : Exposing 2 endpoints beneath base path '/actuator'
2025-08-18T23:27:46.074+05:30  INFO 12724 --- [tracking-query-service] [           main] o.s.b.w.embedded.tomcat.TomcatWebServer  : Tomcat started on port 60775 (http) with context path '/'
2025-08-18T23:27:46.080+05:30  INFO 12724 --- [tracking-query-service] [           main] c.s.t.q.TrackingQueryIntegrationTest     : Started TrackingQueryIntegrationTest in 0.701 seconds (process running for 3.536)
2025-08-18T23:27:46.203+05:30  INFO 12724 --- [tracking-query-service] [o-auto-1-exec-1] o.a.c.c.C.[Tomcat].[localhost].[/]       : Initializing Spring DispatcherServlet 'dispatcherServlet'
2025-08-18T23:27:46.203+05:30  INFO 12724 --- [tracking-query-service] [o-auto-1-exec-1] o.s.web.servlet.DispatcherServlet        : Initializing Servlet 'dispatcherServlet'
2025-08-18T23:27:46.203+05:30  INFO 12724 --- [tracking-query-service] [o-auto-1-exec-1] o.s.web.servlet.DispatcherServlet        : Completed initialization in 0 ms
]]></system-out>
    <system-err><![CDATA[Exception in thread "pool-3-thread-1" java.lang.NullPointerException: Cannot invoke "org.springframework.data.redis.core.ValueOperations.get(Object)" because the return value of "org.springframework.data.redis.core.StringRedisTemplate.opsForValue()" is null
	at com.swifteats.tracking.query.controller.TrackingQuerySseController.lambda$streamDriverLocation$0(TrackingQuerySseController.java:38)
	at java.base/java.util.concurrent.ThreadPoolExecutor.runWorker(ThreadPoolExecutor.java:1144)
	at java.base/java.util.concurrent.ThreadPoolExecutor$Worker.run(ThreadPoolExecutor.java:642)
	at java.base/java.lang.Thread.run(Thread.java:1583)
]]></system-err>
  </testcase>
  <testcase name="sseStreamReceivesValueFromRedis" classname="com.swifteats.tracking.query.TrackingQueryIntegrationTest" time="60.882">
    <system-out><![CDATA[2025-08-18T23:28:47.116+05:30  WARN 12724 --- [tracking-query-service] [o-auto-1-exec-3] .w.s.m.s.DefaultHandlerExceptionResolver : Ignoring exception, response committed already: org.springframework.web.context.request.async.AsyncRequestTimeoutException
2025-08-18T23:28:47.117+05:30  WARN 12724 --- [tracking-query-service] [o-auto-1-exec-3] .w.s.m.s.DefaultHandlerExceptionResolver : Resolved [org.springframework.web.context.request.async.AsyncRequestTimeoutException]
]]></system-out>
  </testcase>
</testsuite>