<?xml version="1.0" encoding="UTF-8"?>
<testsuite xmlns:xsi="http://www.w3.org/2001/XMLSchema-instance" xsi:noNamespaceSchemaLocation="https://maven.apache.org/surefire/maven-surefire-plugin/xsd/surefire-test-report-3.0.xsd" version="3.0" name="com.swifteats.order.OutboxIntegrationTest" time="7.91" tests="1" errors="0" skipped="0" failures="0">
  <properties>
[...]
</properties>
  <testcase name="testOutboxCreatedOnOrder" classname="com.swifteats.order.OutboxIntegrationTest" time="0.366">
    <system-out><![CDATA[21:41:09.967 [main] INFO org.testcontainers.utility.ImageNameSubstitutor -- Image name substitution will be performed by: DefaultImageNameSubstitutor (composite of 'ConfigurationFileImageNameSubstitutor' and 'PrefixingImageNameSubstitutor')
21:41:10.056 [main] INFO org.testcontainers.dockerclient.DockerClientProviderStrategy -- Loaded org.testcontainers.dockerclient.UnixSocketClientProviderStrategy from ~/.testcontainers.properties, will try it first
21:41:10.172 [main] INFO org.testcontainers.dockerclient.DockerClientProviderStrategy -- Found Docker environment with local Unix socket (unix:///var/run/docker.sock)
21:41:10.173 [main] INFO org.testcontainers.DockerClientFactory -- Docker host IP address is localhost
21:41:10.186 [main] INFO org.testcontainers.DockerClientFactory -- Connected to docker: 
  Server Version: 28.3.2
  API Version: 1.51
  Operating System: Docker Desktop
  Total Memory: 7837 MB
21:41:10.292 [main] INFO tc.testcontainers/ryuk:0.5.1 -- Creating container for image: testcontainers/ryuk:0.5.1
21:41:10.453 [main] INFO org.testcontainers.utility.RegistryAuthLocator -- Credential helper/store (docker-credential-desktop) does not have credentials for https://index.docker.io/v1/
21:41:10.524 [main] INFO tc.testcontainers/ryuk:0.5.1 -- Container testcontainers/ryuk:0.5.1 is starting: 8dc1ee9c41b56f2c9a0011bfa00bb131e86fba6ba2cbd51fe9f168ccfa430e94
21:41:10.691 [main] INFO tc.testcontainers/ryuk:0.5.1 -- Container testcontainers/ryuk:0.5.1 started in PT0.501985S
21:41:10.695 [main] INFO org.testcontainers.utility.RyukResourceReaper -- Ryuk started - will monitor and terminate Testcontainers containers on JVM exit
21:41:10.695 [main] INFO org.testcontainers.DockerClientFactory -- Checking the system...
21:41:10.695 [main] INFO org.testcontainers.DockerClientFactory -- ✔︎ Docker server version should be at least 1.6.0
21:41:10.695 [main] INFO tc.postgres:13 -- Creating container for image: postgres:13
21:41:10.732 [main] INFO tc.postgres:13 -- Container postgres:13 is starting: 4b592d11f30bf7877cfc0d8ba7909e4ad8de03d561fe64d930cabfe9ee32b771
21:41:11.495 [main] INFO tc.postgres:13 -- Container postgres:13 started in PT0.800179S
21:41:11.496 [main] INFO tc.postgres:13 -- Container is started (JDBC URL: jdbc:postgresql://localhost:58551/testdb?loggerLevel=OFF)
21:41:11.497 [main] INFO tc.rabbitmq:3.11-management -- Creating container for image: rabbitmq:3.11-management
21:41:11.547 [main] INFO tc.rabbitmq:3.11-management -- Container rabbitmq:3.11-management is starting: 31c48603377591043828286d870d12c5582f4ddb1fa3870f0b26248ab0fa2e9f
21:41:14.952 [main] INFO tc.rabbitmq:3.11-management -- Container rabbitmq:3.11-management started in PT3.455188S
21:41:15.000 [main] INFO org.springframework.test.context.support.AnnotationConfigContextLoaderUtils -- Could not detect default configuration classes for test class [com.swifteats.order.OutboxIntegrationTest]: OutboxIntegrationTest does not declare any static, non-private, non-final, nested classes annotated with @Configuration.
21:41:15.040 [main] INFO org.springframework.boot.test.context.SpringBootTestContextBootstrapper -- Found @SpringBootConfiguration com.swifteats.order.OrderApplication for test class com.swifteats.order.OutboxIntegrationTest

  .   ____          _            __ _ _
 /\\ / ___'_ __ _ _(_)_ __  __ _ \ \ \ \
( ( )\___ | '_ | '_| | '_ \/ _` | \ \ \ \
 \\/  ___)| |_)| | | | | || (_| |  ) ) ) )
  '  |____| .__|_| |_|_| |_\__, | / / / /
 =========|_|==============|___/=/_/_/_/

 :: Spring Boot ::                (v3.5.2)

2025-08-18T21:41:15.205+05:30  INFO 98361 --- [order-service] [           main] c.swifteats.order.OutboxIntegrationTest  : Starting OutboxIntegrationTest using Java 21.0.3 with PID 98361 (started by deependraverma in /Users/deependraverma/Documents/Projects/AI/swifteats-delivery-service-new/order-service)
2025-08-18T21:41:15.205+05:30  INFO 98361 --- [order-service] [           main] c.swifteats.order.OutboxIntegrationTest  : No active profile set, falling back to 1 default profile: "default"
2025-08-18T21:41:15.517+05:30  INFO 98361 --- [order-service] [           main] .s.d.r.c.RepositoryConfigurationDelegate : Bootstrapping Spring Data JPA repositories in DEFAULT mode.
2025-08-18T21:41:15.535+05:30  INFO 98361 --- [order-service] [           main] .s.d.r.c.RepositoryConfigurationDelegate : Finished Spring Data repository scanning in 14 ms. Found 2 JPA repository interfaces.
2025-08-18T21:41:15.723+05:30  INFO 98361 --- [order-service] [           main] o.s.b.w.embedded.tomcat.TomcatWebServer  : Tomcat initialized with port 0 (http)
2025-08-18T21:41:15.728+05:30  INFO 98361 --- [order-service] [           main] o.apache.catalina.core.StandardService   : Starting service [Tomcat]
2025-08-18T21:41:15.728+05:30  INFO 98361 --- [order-service] [           main] o.apache.catalina.core.StandardEngine    : Starting Servlet engine: [Apache Tomcat/10.1.42]
2025-08-18T21:41:15.747+05:30  INFO 98361 --- [order-service] [           main] o.a.c.c.C.[Tomcat].[localhost].[/]       : Initializing Spring embedded WebApplicationContext
2025-08-18T21:41:15.748+05:30  INFO 98361 --- [order-service] [           main] w.s.c.ServletWebServerApplicationContext : Root WebApplicationContext: initialization completed in 535 ms
2025-08-18T21:41:15.838+05:30  INFO 98361 --- [order-service] [           main] com.zaxxer.hikari.HikariDataSource       : HikariPool-1 - Starting...
2025-08-18T21:41:15.887+05:30  INFO 98361 --- [order-service] [           main] com.zaxxer.hikari.pool.HikariPool        : HikariPool-1 - Added connection org.postgresql.jdbc.PgConnection@22ee7fdc
2025-08-18T21:41:15.888+05:30  INFO 98361 --- [order-service] [           main] com.zaxxer.hikari.HikariDataSource       : HikariPool-1 - Start completed.
2025-08-18T21:41:15.904+05:30  INFO 98361 --- [order-service] [           main] o.hibernate.jpa.internal.util.LogHelper  : HHH000204: Processing PersistenceUnitInfo [name: default]
2025-08-18T21:41:15.922+05:30  INFO 98361 --- [order-service] [           main] org.hibernate.Version                    : HHH000412: Hibernate ORM core version 6.6.18.Final
2025-08-18T21:41:15.934+05:30  INFO 98361 --- [order-service] [           main] o.h.c.internal.RegionFactoryInitiator    : HHH000026: Second-level cache disabled
2025-08-18T21:41:16.027+05:30  INFO 98361 --- [order-service] [           main] o.s.o.j.p.SpringPersistenceUnitInfo      : No LoadTimeWeaver setup: ignoring JPA class transformer
2025-08-18T21:41:16.065+05:30  INFO 98361 --- [order-service] [           main] org.hibernate.orm.connections.pooling    : HHH10001005: Database info:
	Database JDBC URL [Connecting through datasource 'HikariDataSource (HikariPool-1)']
	Database driver: undefined/unknown
	Database version: 13.22
	Autocommit mode: undefined/unknown
	Isolation level: undefined/unknown
	Minimum pool size: undefined/unknown
	Maximum pool size: undefined/unknown
2025-08-18T21:41:16.351+05:30  INFO 98361 --- [order-service] [           main] o.h.e.t.j.p.i.JtaPlatformInitiator       : HHH000489: No JTA platform available (set 'hibernate.transaction.jta.platform' to enable JTA platform integration)
2025-08-18T21:41:16.352+05:30  INFO 98361 --- [order-service] [           main] j.LocalContainerEntityManagerFactoryBean : Initialized JPA EntityManagerFactory for persistence unit 'default'
2025-08-18T21:41:16.538+05:30  WARN 98361 --- [order-service] [           main] JpaBaseConfiguration$JpaWebConfiguration : spring.jpa.open-in-view is enabled by default. Therefore, database queries may be performed during view rendering. Explicitly configure spring.jpa.open-in-view to disable this warning
2025-08-18T21:41:16.692+05:30  INFO 98361 --- [order-service] [           main] o.s.b.a.e.web.EndpointLinksResolver      : Exposing 2 endpoints beneath base path '/actuator'
2025-08-18T21:41:16.789+05:30  INFO 98361 --- [order-service] [           main] o.s.b.w.embedded.tomcat.TomcatWebServer  : Tomcat started on port 58568 (http) with context path '/'
2025-08-18T21:41:16.791+05:30  INFO 98361 --- [order-service] [           main] o.s.a.r.c.CachingConnectionFactory       : Attempting to connect to: localhost:58557
2025-08-18T21:41:16.807+05:30  INFO 98361 --- [order-service] [           main] o.s.a.r.c.CachingConnectionFactory       : Created new connection: connectionFactory#15ec3c0c:0/SimpleConnection@5aaecd25 [delegate=amqp://guest@127.0.0.1:58557/, localPort=58569]
2025-08-18T21:41:16.851+05:30  INFO 98361 --- [order-service] [           main] c.swifteats.order.OutboxIntegrationTest  : Started OutboxIntegrationTest in 1.758 seconds (process running for 7.163)
]]></system-out>
    <system-err><![CDATA[Mockito is currently self-attaching to enable the inline-mock-maker. This will no longer work in future releases of the JDK. Please add Mockito as an agent to your build as described in Mockito's documentation: https://javadoc.io/doc/org.mockito/mockito-core/latest/org.mockito/org/mockito/Mockito.html#0.3
WARNING: A Java agent has been loaded dynamically (/Users/deependraverma/.m2/repository/net/bytebuddy/byte-buddy-agent/1.17.6/byte-buddy-agent-1.17.6.jar)
WARNING: If a serviceability tool is in use, please run with -XX:+EnableDynamicAgentLoading to hide this warning
WARNING: If a serviceability tool is not in use, please run with -Djdk.instrument.traceUsage for more information
WARNING: Dynamic loading of agents will be disallowed by default in a future release
]]></system-err>
  </testcase>
</testsuite>