<?xml version="1.0" encoding="UTF-8"?>
<testsuite xmlns:xsi="http://www.w3.org/2001/XMLSchema-instance" xsi:noNamespaceSchemaLocation="https://maven.apache.org/surefire/maven-surefire-plugin/xsd/surefire-test-report-3.0.xsd" version="3.0" name="com.swifteats.order.PaymentFlowIntegrationTest" time="5.664" tests="1" errors="0" skipped="0" failures="0">
  <properties>
[...]
</properties>
  <testcase name="testOrderCreateTriggersPaymentAndOrderConsumesResult" classname="com.swifteats.order.PaymentFlowIntegrationTest" time="0.539">
    <system-out><![CDATA[2025-08-18T18:41:09.414+05:30  INFO 69246 --- [order-service] [           main] tc.postgres:13                           : Creating container for image: postgres:13
{"@timestamp":"2025-08-18T18:41:09.414593+05:30","@version":"1","message":"Creating container for image: postgres:13","logger_name":"tc.postgres:13","thread_name":"main","level":"INFO"}
2025-08-18T18:41:09.482+05:30  INFO 69246 --- [order-service] [           main] tc.postgres:13                           : Container postgres:13 is starting: eb35ad171698dccc6884937ebcdd751d0e06bc943ee75c1c4b311092be0cc744
{"@timestamp":"2025-08-18T18:41:09.482564+05:30","@version":"1","message":"Container postgres:13 is starting: eb35ad171698dccc6884937ebcdd751d0e06bc943ee75c1c4b311092be0cc744","logger_name":"tc.postgres:13","thread_name":"main","level":"INFO"}
2025-08-18T18:41:09.521+05:30  WARN 69246 --- [order-service] [ntContainer#0-1] o.s.a.r.l.SimpleMessageListenerContainer : Consumer raised exception, processing can restart if the connection factory supports it

com.rabbitmq.client.ShutdownSignalException: connection error
	at com.rabbitmq.client.impl.AMQConnection.startShutdown(AMQConnection.java:1007)
	at com.rabbitmq.client.impl.AMQConnection.shutdown(AMQConnection.java:997)
	at com.rabbitmq.client.impl.AMQConnection.handleFailure(AMQConnection.java:797)
	at com.rabbitmq.client.impl.AMQConnection.access$500(AMQConnection.java:48)
	at com.rabbitmq.client.impl.AMQConnection$MainLoop.run(AMQConnection.java:696)
	at java.base/java.lang.Thread.run(Thread.java:1583)
Caused by: java.io.EOFException: null
	at java.base/java.io.DataInputStream.readUnsignedByte(DataInputStream.java:297)
	at com.rabbitmq.client.impl.Frame.readFrom(Frame.java:91)
	at com.rabbitmq.client.impl.SocketFrameHandler.readFrame(SocketFrameHandler.java:199)
	at com.rabbitmq.client.impl.AMQConnection$MainLoop.run(AMQConnection.java:687)
	... 1 common frames omitted

2025-08-18T18:41:09.523+05:30  WARN 69246 --- [order-service] [ntContainer#1-1] o.s.a.r.l.SimpleMessageListenerContainer : Consumer raised exception, processing can restart if the connection factory supports it

com.rabbitmq.client.ShutdownSignalException: connection error
	at com.rabbitmq.client.impl.AMQConnection.startShutdown(AMQConnection.java:1007)
	at com.rabbitmq.client.impl.AMQConnection.shutdown(AMQConnection.java:997)
	at com.rabbitmq.client.impl.AMQConnection.handleFailure(AMQConnection.java:797)
	at com.rabbitmq.client.impl.AMQConnection.access$500(AMQConnection.java:48)
	at com.rabbitmq.client.impl.AMQConnection$MainLoop.run(AMQConnection.java:696)
	at java.base/java.lang.Thread.run(Thread.java:1583)
Caused by: java.io.EOFException: null
	at java.base/java.io.DataInputStream.readUnsignedByte(DataInputStream.java:297)
	at com.rabbitmq.client.impl.Frame.readFrom(Frame.java:91)
	at com.rabbitmq.client.impl.SocketFrameHandler.readFrame(SocketFrameHandler.java:199)
	at com.rabbitmq.client.impl.AMQConnection$MainLoop.run(AMQConnection.java:687)
	... 1 common frames omitted

{"@timestamp":"2025-08-18T18:41:09.523062+05:30","@version":"1","message":"Consumer raised exception, processing can restart if the connection factory supports it","logger_name":"org.springframework.amqp.rabbit.listener.SimpleMessageListenerContainer","thread_name":"org.springframework.amqp.rabbit.RabbitListenerEndpointContainer#1-1","level":"WARN","stack_trace":"com.rabbitmq.client.ShutdownSignalException: connection error\n\tat com.rabbitmq.client.impl.AMQConnection.startShutdown(AMQConnection.java:1007)\n\tat com.rabbitmq.client.impl.AMQConnection.shutdown(AMQConnection.java:997)\n\tat com.rabbitmq.client.impl.AMQConnection.handleFailure(AMQConnection.java:797)\n\tat com.rabbitmq.client.impl.AMQConnection.access$500(AMQConnection.java:48)\n\tat com.rabbitmq.client.impl.AMQConnection$MainLoop.run(AMQConnection.java:696)\n\tat java.base/java.lang.Thread.run(Thread.java:1583)\nCaused by: java.io.EOFException: null\n\tat java.base/java.io.DataInputStream.readUnsignedByte(DataInputStream.java:297)\n\tat com.rabbitmq.client.impl.Frame.readFrom(Frame.java:91)\n\tat com.rabbitmq.client.impl.SocketFrameHandler.readFrame(SocketFrameHandler.java:199)\n\tat com.rabbitmq.client.impl.AMQConnection$MainLoop.run(AMQConnection.java:687)\n\t... 1 common frames omitted\n"}
{"@timestamp":"2025-08-18T18:41:09.521003+05:30","@version":"1","message":"Consumer raised exception, processing can restart if the connection factory supports it","logger_name":"org.springframework.amqp.rabbit.listener.SimpleMessageListenerContainer","thread_name":"org.springframework.amqp.rabbit.RabbitListenerEndpointContainer#0-1","level":"WARN","stack_trace":"com.rabbitmq.client.ShutdownSignalException: connection error\n\tat com.rabbitmq.client.impl.AMQConnection.startShutdown(AMQConnection.java:1007)\n\tat com.rabbitmq.client.impl.AMQConnection.shutdown(AMQConnection.java:997)\n\tat com.rabbitmq.client.impl.AMQConnection.handleFailure(AMQConnection.java:797)\n\tat com.rabbitmq.client.impl.AMQConnection.access$500(AMQConnection.java:48)\n\tat com.rabbitmq.client.impl.AMQConnection$MainLoop.run(AMQConnection.java:696)\n\tat java.base/java.lang.Thread.run(Thread.java:1583)\nCaused by: java.io.EOFException: null\n\tat java.base/java.io.DataInputStream.readUnsignedByte(DataInputStream.java:297)\n\tat com.rabbitmq.client.impl.Frame.readFrom(Frame.java:91)\n\tat com.rabbitmq.client.impl.SocketFrameHandler.readFrame(SocketFrameHandler.java:199)\n\tat com.rabbitmq.client.impl.AMQConnection$MainLoop.run(AMQConnection.java:687)\n\t... 1 common frames omitted\n"}
2025-08-18T18:41:09.526+05:30  INFO 69246 --- [order-service] [ntContainer#1-1] o.s.a.r.l.SimpleMessageListenerContainer : Restarting Consumer@b6182cb: tags=[[amq.ctag-Z1_HPXrUbZ24W9A-ratxtQ]], channel=Cached Rabbit Channel: AMQChannel(amqp://guest@127.0.0.1:56727/,2), conn: Proxy@11b975cc Shared Rabbit Connection: SimpleConnection@3095a6e0 [delegate=amqp://guest@127.0.0.1:56727/, localPort=56742], acknowledgeMode=AUTO local queue size=0
2025-08-18T18:41:09.526+05:30  INFO 69246 --- [order-service] [ntContainer#0-1] o.s.a.r.l.SimpleMessageListenerContainer : Restarting Consumer@7c156ea: tags=[[amq.ctag-gGTwVwa5ajafhMs9vmmkyA]], channel=Cached Rabbit Channel: AMQChannel(amqp://guest@127.0.0.1:56727/,1), conn: Proxy@11b975cc Shared Rabbit Connection: SimpleConnection@3095a6e0 [delegate=amqp://guest@127.0.0.1:56727/, localPort=56742], acknowledgeMode=AUTO local queue size=0
{"@timestamp":"2025-08-18T18:41:09.526254+05:30","@version":"1","message":"Restarting Consumer@b6182cb: tags=[[amq.ctag-Z1_HPXrUbZ24W9A-ratxtQ]], channel=Cached Rabbit Channel: AMQChannel(amqp://guest@127.0.0.1:56727/,2), conn: Proxy@11b975cc Shared Rabbit Connection: SimpleConnection@3095a6e0 [delegate=amqp://guest@127.0.0.1:56727/, localPort=56742], acknowledgeMode=AUTO local queue size=0","logger_name":"org.springframework.amqp.rabbit.listener.SimpleMessageListenerContainer","thread_name":"org.springframework.amqp.rabbit.RabbitListenerEndpointContainer#1-1","level":"INFO"}
{"@timestamp":"2025-08-18T18:41:09.526266+05:30","@version":"1","message":"Restarting Consumer@7c156ea: tags=[[amq.ctag-gGTwVwa5ajafhMs9vmmkyA]], channel=Cached Rabbit Channel: AMQChannel(amqp://guest@127.0.0.1:56727/,1), conn: Proxy@11b975cc Shared Rabbit Connection: SimpleConnection@3095a6e0 [delegate=amqp://guest@127.0.0.1:56727/, localPort=56742], acknowledgeMode=AUTO local queue size=0","logger_name":"org.springframework.amqp.rabbit.listener.SimpleMessageListenerContainer","thread_name":"org.springframework.amqp.rabbit.RabbitListenerEndpointContainer#0-1","level":"INFO"}
2025-08-18T18:41:09.528+05:30  INFO 69246 --- [order-service] [ntContainer#1-2] o.s.a.r.c.CachingConnectionFactory       : Attempting to connect to: localhost:56727
{"@timestamp":"2025-08-18T18:41:09.528695+05:30","@version":"1","message":"Attempting to connect to: localhost:56727","logger_name":"org.springframework.amqp.rabbit.connection.CachingConnectionFactory","thread_name":"org.springframework.amqp.rabbit.RabbitListenerEndpointContainer#1-2","level":"INFO"}
2025-08-18T18:41:09.530+05:30  INFO 69246 --- [order-service] [ntContainer#0-2] o.s.a.r.c.CachingConnectionFactory       : Attempting to connect to: localhost:56727
{"@timestamp":"2025-08-18T18:41:09.530515+05:30","@version":"1","message":"Attempting to connect to: localhost:56727","logger_name":"org.springframework.amqp.rabbit.connection.CachingConnectionFactory","thread_name":"org.springframework.amqp.rabbit.RabbitListenerEndpointContainer#0-2","level":"INFO"}
2025-08-18T18:41:09.530+05:30 ERROR 69246 --- [order-service] [ntContainer#1-2] o.s.a.r.l.SimpleMessageListenerContainer : Failed to check/redeclare auto-delete queue(s).

org.springframework.amqp.AmqpConnectException: java.net.ConnectException: Connection refused
	at org.springframework.amqp.rabbit.support.RabbitExceptionTranslator.convertRabbitAccessException(RabbitExceptionTranslator.java:61)
	at org.springframework.amqp.rabbit.connection.AbstractConnectionFactory.createBareConnection(AbstractConnectionFactory.java:632)
	at org.springframework.amqp.rabbit.connection.CachingConnectionFactory.createConnection(CachingConnectionFactory.java:726)
	at org.springframework.amqp.rabbit.connection.CachingConnectionFactory.createBareChannel(CachingConnectionFactory.java:671)
	at org.springframework.amqp.rabbit.connection.CachingConnectionFactory.getCachedChannelProxy(CachingConnectionFactory.java:644)
	at org.springframework.amqp.rabbit.connection.CachingConnectionFactory.getChannel(CachingConnectionFactory.java:533)
	at org.springframework.amqp.rabbit.connection.CachingConnectionFactory$ChannelCachingConnectionProxy.createChannel(CachingConnectionFactory.java:1484)
	at org.springframework.amqp.rabbit.core.RabbitTemplate.doExecute(RabbitTemplate.java:2268)
	at org.springframework.amqp.rabbit.core.RabbitTemplate.execute(RabbitTemplate.java:2235)
	at org.springframework.amqp.rabbit.core.RabbitTemplate.execute(RabbitTemplate.java:2215)
	at org.springframework.amqp.rabbit.core.RabbitAdmin.getQueueInfo(RabbitAdmin.java:467)
	at org.springframework.amqp.rabbit.core.RabbitAdmin.getQueueProperties(RabbitAdmin.java:451)
	at org.springframework.amqp.rabbit.listener.AbstractMessageListenerContainer.attemptDeclarations(AbstractMessageListenerContainer.java:1972)
	at org.springframework.amqp.rabbit.listener.AbstractMessageListenerContainer.redeclareElementsIfNecessary(AbstractMessageListenerContainer.java:1936)
	at org.springframework.amqp.rabbit.listener.SimpleMessageListenerContainer$AsyncMessageProcessingConsumer.initialize(SimpleMessageListenerContainer.java:1481)
	at org.springframework.amqp.rabbit.listener.SimpleMessageListenerContainer$AsyncMessageProcessingConsumer.run(SimpleMessageListenerContainer.java:1322)
	at java.base/java.lang.Thread.run(Thread.java:1583)
Caused by: java.net.ConnectException: Connection refused
	at java.base/sun.nio.ch.Net.pollConnect(Native Method)
	at java.base/sun.nio.ch.Net.pollConnectNow(Net.java:682)
	at java.base/sun.nio.ch.NioSocketImpl.timedFinishConnect(NioSocketImpl.java:549)
	at java.base/sun.nio.ch.NioSocketImpl.connect(NioSocketImpl.java:592)
	at java.base/java.net.SocksSocketImpl.connect(SocksSocketImpl.java:327)
	at java.base/java.net.Socket.connect(Socket.java:751)
	at com.rabbitmq.client.impl.SocketFrameHandlerFactory.create(SocketFrameHandlerFactory.java:61)
	at com.rabbitmq.client.ConnectionFactory.newConnection(ConnectionFactory.java:1249)
	at com.rabbitmq.client.ConnectionFactory.newConnection(ConnectionFactory.java:1198)
	at com.rabbitmq.client.ConnectionFactory.newConnection(ConnectionFactory.java:1369)
	at org.springframework.amqp.rabbit.connection.AbstractConnectionFactory.connectHostPort(AbstractConnectionFactory.java:695)
	at org.springframework.amqp.rabbit.connection.AbstractConnectionFactory.connect(AbstractConnectionFactory.java:650)
	at org.springframework.amqp.rabbit.connection.AbstractConnectionFactory.createBareConnection(AbstractConnectionFactory.java:593)
	... 15 common frames omitted

{"@timestamp":"2025-08-18T18:41:09.530506+05:30","@version":"1","message":"Failed to check/redeclare auto-delete queue(s).","logger_name":"org.springframework.amqp.rabbit.listener.SimpleMessageListenerContainer","thread_name":"org.springframework.amqp.rabbit.RabbitListenerEndpointContainer#1-2","level":"ERROR","stack_trace":"org.springframework.amqp.AmqpConnectException: java.net.ConnectException: Connection refused\n\tat org.springframework.amqp.rabbit.support.RabbitExceptionTranslator.convertRabbitAccessException(RabbitExceptionTranslator.java:61)\n\tat org.springframework.amqp.rabbit.connection.AbstractConnectionFactory.createBareConnection(AbstractConnectionFactory.java:632)\n\tat org.springframework.amqp.rabbit.connection.CachingConnectionFactory.createConnection(CachingConnectionFactory.java:726)\n\tat org.springframework.amqp.rabbit.connection.CachingConnectionFactory.createBareChannel(CachingConnectionFactory.java:671)\n\tat org.springframework.amqp.rabbit.connection.CachingConnectionFactory.getCachedChannelProxy(CachingConnectionFactory.java:644)\n\tat org.springframework.amqp.rabbit.connection.CachingConnectionFactory.getChannel(CachingConnectionFactory.java:533)\n\tat org.springframework.amqp.rabbit.connection.CachingConnectionFactory$ChannelCachingConnectionProxy.createChannel(CachingConnectionFactory.java:1484)\n\tat org.springframework.amqp.rabbit.core.RabbitTemplate.doExecute(RabbitTemplate.java:2268)\n\tat org.springframework.amqp.rabbit.core.RabbitTemplate.execute(RabbitTemplate.java:2235)\n\tat org.springframework.amqp.rabbit.core.RabbitTemplate.execute(RabbitTemplate.java:2215)\n\tat org.springframework.amqp.rabbit.core.RabbitAdmin.getQueueInfo(RabbitAdmin.java:467)\n\tat org.springframework.amqp.rabbit.core.RabbitAdmin.getQueueProperties(RabbitAdmin.java:451)\n\tat org.springframework.amqp.rabbit.listener.AbstractMessageListenerContainer.attemptDeclarations(AbstractMessageListenerContainer.java:1972)\n\tat org.springframework.amqp.rabbit.listener.AbstractMessageListenerContainer.redeclareElementsIfNecessary(AbstractMessageListenerContainer.java:1936)\n\tat org.springframework.amqp.rabbit.listener.SimpleMessageListenerContainer$AsyncMessageProcessingConsumer.initialize(SimpleMessageListenerContainer.java:1481)\n\tat org.springframework.amqp.rabbit.listener.SimpleMessageListenerContainer$AsyncMessageProcessingConsumer.run(SimpleMessageListenerContainer.java:1322)\n\tat java.base/java.lang.Thread.run(Thread.java:1583)\nCaused by: java.net.ConnectException: Connection refused\n\tat java.base/sun.nio.ch.Net.pollConnect(Native Method)\n\tat java.base/sun.nio.ch.Net.pollConnectNow(Net.java:682)\n\tat java.base/sun.nio.ch.NioSocketImpl.timedFinishConnect(NioSocketImpl.java:549)\n\tat java.base/sun.nio.ch.NioSocketImpl.connect(NioSocketImpl.java:592)\n\tat java.base/java.net.SocksSocketImpl.connect(SocksSocketImpl.java:327)\n\tat java.base/java.net.Socket.connect(Socket.java:751)\n\tat com.rabbitmq.client.impl.SocketFrameHandlerFactory.create(SocketFrameHandlerFactory.java:61)\n\tat com.rabbitmq.client.ConnectionFactory.newConnection(ConnectionFactory.java:1249)\n\tat com.rabbitmq.client.ConnectionFactory.newConnection(ConnectionFactory.java:1198)\n\tat com.rabbitmq.client.ConnectionFactory.newConnection(ConnectionFactory.java:1369)\n\tat org.springframework.amqp.rabbit.connection.AbstractConnectionFactory.connectHostPort(AbstractConnectionFactory.java:695)\n\tat org.springframework.amqp.rabbit.connection.AbstractConnectionFactory.connect(AbstractConnectionFactory.java:650)\n\tat org.springframework.amqp.rabbit.connection.AbstractConnectionFactory.createBareConnection(AbstractConnectionFactory.java:593)\n\t... 15 common frames omitted\n"}
2025-08-18T18:41:09.531+05:30  INFO 69246 --- [order-service] [ntContainer#1-2] o.s.a.r.c.CachingConnectionFactory       : Attempting to connect to: localhost:56727
2025-08-18T18:41:09.531+05:30 ERROR 69246 --- [order-service] [ntContainer#0-2] o.s.a.r.l.SimpleMessageListenerContainer : Failed to check/redeclare auto-delete queue(s).

org.springframework.amqp.AmqpConnectException: java.net.ConnectException: Connection refused
	at org.springframework.amqp.rabbit.support.RabbitExceptionTranslator.convertRabbitAccessException(RabbitExceptionTranslator.java:61)
	at org.springframework.amqp.rabbit.connection.AbstractConnectionFactory.createBareConnection(AbstractConnectionFactory.java:632)
	at org.springframework.amqp.rabbit.connection.CachingConnectionFactory.createConnection(CachingConnectionFactory.java:726)
	at org.springframework.amqp.rabbit.connection.CachingConnectionFactory.createBareChannel(CachingConnectionFactory.java:671)
	at org.springframework.amqp.rabbit.connection.CachingConnectionFactory.getCachedChannelProxy(CachingConnectionFactory.java:644)
	at org.springframework.amqp.rabbit.connection.CachingConnectionFactory.getChannel(CachingConnectionFactory.java:533)
	at org.springframework.amqp.rabbit.connection.CachingConnectionFactory$ChannelCachingConnectionProxy.createChannel(CachingConnectionFactory.java:1484)
	at org.springframework.amqp.rabbit.core.RabbitTemplate.doExecute(RabbitTemplate.java:2268)
	at org.springframework.amqp.rabbit.core.RabbitTemplate.execute(RabbitTemplate.java:2235)
	at org.springframework.amqp.rabbit.core.RabbitTemplate.execute(RabbitTemplate.java:2215)
	at org.springframework.amqp.rabbit.core.RabbitAdmin.getQueueInfo(RabbitAdmin.java:467)
	at org.springframework.amqp.rabbit.core.RabbitAdmin.getQueueProperties(RabbitAdmin.java:451)
	at org.springframework.amqp.rabbit.listener.AbstractMessageListenerContainer.attemptDeclarations(AbstractMessageListenerContainer.java:1972)
	at org.springframework.amqp.rabbit.listener.AbstractMessageListenerContainer.redeclareElementsIfNecessary(AbstractMessageListenerContainer.java:1936)
	at org.springframework.amqp.rabbit.listener.SimpleMessageListenerContainer$AsyncMessageProcessingConsumer.initialize(SimpleMessageListenerContainer.java:1481)
	at org.springframework.amqp.rabbit.listener.SimpleMessageListenerContainer$AsyncMessageProcessingConsumer.run(SimpleMessageListenerContainer.java:1322)
	at java.base/java.lang.Thread.run(Thread.java:1583)
Caused by: java.net.ConnectException: Connection refused
	at java.base/sun.nio.ch.Net.pollConnect(Native Method)
	at java.base/sun.nio.ch.Net.pollConnectNow(Net.java:682)
	at java.base/sun.nio.ch.NioSocketImpl.timedFinishConnect(NioSocketImpl.java:549)
	at java.base/sun.nio.ch.NioSocketImpl.connect(NioSocketImpl.java:592)
	at java.base/java.net.SocksSocketImpl.connect(SocksSocketImpl.java:327)
	at java.base/java.net.Socket.connect(Socket.java:751)
	at com.rabbitmq.client.impl.SocketFrameHandlerFactory.create(SocketFrameHandlerFactory.java:61)
	at com.rabbitmq.client.ConnectionFactory.newConnection(ConnectionFactory.java:1249)
	at com.rabbitmq.client.ConnectionFactory.newConnection(ConnectionFactory.java:1198)
	at com.rabbitmq.client.ConnectionFactory.newConnection(ConnectionFactory.java:1369)
	at org.springframework.amqp.rabbit.connection.AbstractConnectionFactory.connectHostPort(AbstractConnectionFactory.java:695)
	at org.springframework.amqp.rabbit.connection.AbstractConnectionFactory.connect(AbstractConnectionFactory.java:650)
	at org.springframework.amqp.rabbit.connection.AbstractConnectionFactory.createBareConnection(AbstractConnectionFactory.java:593)
	... 15 common frames omitted

{"@timestamp":"2025-08-18T18:41:09.531531+05:30","@version":"1","message":"Attempting to connect to: localhost:56727","logger_name":"org.springframework.amqp.rabbit.connection.CachingConnectionFactory","thread_name":"org.springframework.amqp.rabbit.RabbitListenerEndpointContainer#1-2","level":"INFO"}
{"@timestamp":"2025-08-18T18:41:09.53143+05:30","@version":"1","message":"Failed to check/redeclare auto-delete queue(s).","logger_name":"org.springframework.amqp.rabbit.listener.SimpleMessageListenerContainer","thread_name":"org.springframework.amqp.rabbit.RabbitListenerEndpointContainer#0-2","level":"ERROR","stack_trace":"org.springframework.amqp.AmqpConnectException: java.net.ConnectException: Connection refused\n\tat org.springframework.amqp.rabbit.support.RabbitExceptionTranslator.convertRabbitAccessException(RabbitExceptionTranslator.java:61)\n\tat org.springframework.amqp.rabbit.connection.AbstractConnectionFactory.createBareConnection(AbstractConnectionFactory.java:632)\n\tat org.springframework.amqp.rabbit.connection.CachingConnectionFactory.createConnection(CachingConnectionFactory.java:726)\n\tat org.springframework.amqp.rabbit.connection.CachingConnectionFactory.createBareChannel(CachingConnectionFactory.java:671)\n\tat org.springframework.amqp.rabbit.connection.CachingConnectionFactory.getCachedChannelProxy(CachingConnectionFactory.java:644)\n\tat org.springframework.amqp.rabbit.connection.CachingConnectionFactory.getChannel(CachingConnectionFactory.java:533)\n\tat org.springframework.amqp.rabbit.connection.CachingConnectionFactory$ChannelCachingConnectionProxy.createChannel(CachingConnectionFactory.java:1484)\n\tat org.springframework.amqp.rabbit.core.RabbitTemplate.doExecute(RabbitTemplate.java:2268)\n\tat org.springframework.amqp.rabbit.core.RabbitTemplate.execute(RabbitTemplate.java:2235)\n\tat org.springframework.amqp.rabbit.core.RabbitTemplate.execute(RabbitTemplate.java:2215)\n\tat org.springframework.amqp.rabbit.core.RabbitAdmin.getQueueInfo(RabbitAdmin.java:467)\n\tat org.springframework.amqp.rabbit.core.RabbitAdmin.getQueueProperties(RabbitAdmin.java:451)\n\tat org.springframework.amqp.rabbit.listener.AbstractMessageListenerContainer.attemptDeclarations(AbstractMessageListenerContainer.java:1972)\n\tat org.springframework.amqp.rabbit.listener.AbstractMessageListenerContainer.redeclareElementsIfNecessary(AbstractMessageListenerContainer.java:1936)\n\tat org.springframework.amqp.rabbit.listener.SimpleMessageListenerContainer$AsyncMessageProcessingConsumer.initialize(SimpleMessageListenerContainer.java:1481)\n\tat org.springframework.amqp.rabbit.listener.SimpleMessageListenerContainer$AsyncMessageProcessingConsumer.run(SimpleMessageListenerContainer.java:1322)\n\tat java.base/java.lang.Thread.run(Thread.java:1583)\nCaused by: java.net.ConnectException: Connection refused\n\tat java.base/sun.nio.ch.Net.pollConnect(Native Method)\n\tat java.base/sun.nio.ch.Net.pollConnectNow(Net.java:682)\n\tat java.base/sun.nio.ch.NioSocketImpl.timedFinishConnect(NioSocketImpl.java:549)\n\tat java.base/sun.nio.ch.NioSocketImpl.connect(NioSocketImpl.java:592)\n\tat java.base/java.net.SocksSocketImpl.connect(SocksSocketImpl.java:327)\n\tat java.base/java.net.Socket.connect(Socket.java:751)\n\tat com.rabbitmq.client.impl.SocketFrameHandlerFactory.create(SocketFrameHandlerFactory.java:61)\n\tat com.rabbitmq.client.ConnectionFactory.newConnection(ConnectionFactory.java:1249)\n\tat com.rabbitmq.client.ConnectionFactory.newConnection(ConnectionFactory.java:1198)\n\tat com.rabbitmq.client.ConnectionFactory.newConnection(ConnectionFactory.java:1369)\n\tat org.springframework.amqp.rabbit.connection.AbstractConnectionFactory.connectHostPort(AbstractConnectionFactory.java:695)\n\tat org.springframework.amqp.rabbit.connection.AbstractConnectionFactory.connect(AbstractConnectionFactory.java:650)\n\tat org.springframework.amqp.rabbit.connection.AbstractConnectionFactory.createBareConnection(AbstractConnectionFactory.java:593)\n\t... 15 common frames omitted\n"}
2025-08-18T18:41:09.532+05:30  INFO 69246 --- [order-service] [ntContainer#0-2] o.s.a.r.c.CachingConnectionFactory       : Attempting to connect to: localhost:56727
{"@timestamp":"2025-08-18T18:41:09.532386+05:30","@version":"1","message":"Attempting to connect to: localhost:56727","logger_name":"org.springframework.amqp.rabbit.connection.CachingConnectionFactory","thread_name":"org.springframework.amqp.rabbit.RabbitListenerEndpointContainer#0-2","level":"INFO"}
2025-08-18T18:41:10.108+05:30  INFO 69246 --- [order-service] [           main] tc.postgres:13                           : Container postgres:13 started in PT0.693653S
{"@timestamp":"2025-08-18T18:41:10.108194+05:30","@version":"1","message":"Container postgres:13 started in PT0.693653S","logger_name":"tc.postgres:13","thread_name":"main","level":"INFO"}
2025-08-18T18:41:10.108+05:30  INFO 69246 --- [order-service] [           main] tc.postgres:13                           : Container is started (JDBC URL: jdbc:postgresql://localhost:56752/testdb?loggerLevel=OFF)
{"@timestamp":"2025-08-18T18:41:10.108779+05:30","@version":"1","message":"Container is started (JDBC URL: jdbc:postgresql://localhost:56752/testdb?loggerLevel=OFF)","logger_name":"tc.postgres:13","thread_name":"main","level":"INFO"}
2025-08-18T18:41:10.109+05:30  INFO 69246 --- [order-service] [           main] tc.rabbitmq:3.11-management              : Creating container for image: rabbitmq:3.11-management
{"@timestamp":"2025-08-18T18:41:10.109109+05:30","@version":"1","message":"Creating container for image: rabbitmq:3.11-management","logger_name":"tc.rabbitmq:3.11-management","thread_name":"main","level":"INFO"}
2025-08-18T18:41:10.149+05:30  INFO 69246 --- [order-service] [           main] tc.rabbitmq:3.11-management              : Container rabbitmq:3.11-management is starting: 2f4e69bbb4d59abd908bf336fb8ae3ea493d6e296c9e9faf2247d02ae84e26d6
{"@timestamp":"2025-08-18T18:41:10.149532+05:30","@version":"1","message":"Container rabbitmq:3.11-management is starting: 2f4e69bbb4d59abd908bf336fb8ae3ea493d6e296c9e9faf2247d02ae84e26d6","logger_name":"tc.rabbitmq:3.11-management","thread_name":"main","level":"INFO"}
2025-08-18T18:41:13.747+05:30  INFO 69246 --- [order-service] [           main] tc.rabbitmq:3.11-management              : Container rabbitmq:3.11-management started in PT3.63839S
{"@timestamp":"2025-08-18T18:41:13.747424+05:30","@version":"1","message":"Container rabbitmq:3.11-management started in PT3.63839S","logger_name":"tc.rabbitmq:3.11-management","thread_name":"main","level":"INFO"}
2025-08-18T18:41:13.749+05:30  INFO 69246 --- [order-service] [           main] t.c.s.AnnotationConfigContextLoaderUtils : Could not detect default configuration classes for test class [com.swifteats.order.PaymentFlowIntegrationTest]: PaymentFlowIntegrationTest does not declare any static, non-private, non-final, nested classes annotated with @Configuration.
{"@timestamp":"2025-08-18T18:41:13.749654+05:30","@version":"1","message":"Could not detect default configuration classes for test class [com.swifteats.order.PaymentFlowIntegrationTest]: PaymentFlowIntegrationTest does not declare any static, non-private, non-final, nested classes annotated with @Configuration.","logger_name":"org.springframework.test.context.support.AnnotationConfigContextLoaderUtils","thread_name":"main","level":"INFO"}
2025-08-18T18:41:13.752+05:30  INFO 69246 --- [order-service] [           main] .b.t.c.SpringBootTestContextBootstrapper : Found @SpringBootConfiguration com.swifteats.order.OrderApplication for test class com.swifteats.order.PaymentFlowIntegrationTest
{"@timestamp":"2025-08-18T18:41:13.752632+05:30","@version":"1","message":"Found @SpringBootConfiguration com.swifteats.order.OrderApplication for test class com.swifteats.order.PaymentFlowIntegrationTest","logger_name":"org.springframework.boot.test.context.SpringBootTestContextBootstrapper","thread_name":"main","level":"INFO"}

  .   ____          _            __ _ _
 /\\ / ___'_ __ _ _(_)_ __  __ _ \ \ \ \
( ( )\___ | '_ | '_| | '_ \/ _` | \ \ \ \
 \\/  ___)| |_)| | | | | || (_| |  ) ) ) )
  '  |____| .__|_| |_|_| |_\__, | / / / /
 =========|_|==============|___/=/_/_/_/

 :: Spring Boot ::                (v3.5.2)

2025-08-18T18:41:13.774+05:30  INFO 69246 --- [order-service] [           main] c.s.order.PaymentFlowIntegrationTest     : Starting PaymentFlowIntegrationTest using Java 21.0.3 with PID 69246 (started by deependraverma in /Users/deependraverma/Documents/Projects/AI/swifteats-delivery-service-new/order-service)
{"@timestamp":"2025-08-18T18:41:13.774333+05:30","@version":"1","message":"Starting PaymentFlowIntegrationTest using Java 21.0.3 with PID 69246 (started by deependraverma in /Users/deependraverma/Documents/Projects/AI/swifteats-delivery-service-new/order-service)","logger_name":"com.swifteats.order.PaymentFlowIntegrationTest","thread_name":"main","level":"INFO"}
2025-08-18T18:41:13.774+05:30  INFO 69246 --- [order-service] [           main] c.s.order.PaymentFlowIntegrationTest     : No active profile set, falling back to 1 default profile: "default"
{"@timestamp":"2025-08-18T18:41:13.774558+05:30","@version":"1","message":"No active profile set, falling back to 1 default profile: \"default\"","logger_name":"com.swifteats.order.PaymentFlowIntegrationTest","thread_name":"main","level":"INFO"}
2025-08-18T18:41:13.860+05:30  INFO 69246 --- [order-service] [           main] .s.d.r.c.RepositoryConfigurationDelegate : Bootstrapping Spring Data JPA repositories in DEFAULT mode.
{"@timestamp":"2025-08-18T18:41:13.860457+05:30","@version":"1","message":"Bootstrapping Spring Data JPA repositories in DEFAULT mode.","logger_name":"org.springframework.data.repository.config.RepositoryConfigurationDelegate","thread_name":"main","level":"INFO"}
2025-08-18T18:41:13.864+05:30  INFO 69246 --- [order-service] [           main] .s.d.r.c.RepositoryConfigurationDelegate : Finished Spring Data repository scanning in 2 ms. Found 2 JPA repository interfaces.
{"@timestamp":"2025-08-18T18:41:13.864055+05:30","@version":"1","message":"Finished Spring Data repository scanning in 2 ms. Found 2 JPA repository interfaces.","logger_name":"org.springframework.data.repository.config.RepositoryConfigurationDelegate","thread_name":"main","level":"INFO"}
2025-08-18T18:41:13.885+05:30  INFO 69246 --- [order-service] [           main] o.s.b.w.embedded.tomcat.TomcatWebServer  : Tomcat initialized with port 0 (http)
{"@timestamp":"2025-08-18T18:41:13.885992+05:30","@version":"1","message":"Tomcat initialized with port 0 (http)","logger_name":"org.springframework.boot.web.embedded.tomcat.TomcatWebServer","thread_name":"main","level":"INFO"}
2025-08-18T18:41:13.886+05:30  INFO 69246 --- [order-service] [           main] o.apache.catalina.core.StandardService   : Starting service [Tomcat]
{"@timestamp":"2025-08-18T18:41:13.886773+05:30","@version":"1","message":"Starting service [Tomcat]","logger_name":"org.apache.catalina.core.StandardService","thread_name":"main","level":"INFO"}
2025-08-18T18:41:13.886+05:30  INFO 69246 --- [order-service] [           main] o.apache.catalina.core.StandardEngine    : Starting Servlet engine: [Apache Tomcat/10.1.42]
{"@timestamp":"2025-08-18T18:41:13.886938+05:30","@version":"1","message":"Starting Servlet engine: [Apache Tomcat/10.1.42]","logger_name":"org.apache.catalina.core.StandardEngine","thread_name":"main","level":"INFO"}
2025-08-18T18:41:13.892+05:30  INFO 69246 --- [order-service] [           main] o.a.c.c.C.[Tomcat-1].[localhost].[/]     : Initializing Spring embedded WebApplicationContext
{"@timestamp":"2025-08-18T18:41:13.892624+05:30","@version":"1","message":"Initializing Spring embedded WebApplicationContext","logger_name":"org.apache.catalina.core.ContainerBase.[Tomcat-1].[localhost].[/]","thread_name":"main","level":"INFO"}
2025-08-18T18:41:13.892+05:30  INFO 69246 --- [order-service] [           main] w.s.c.ServletWebServerApplicationContext : Root WebApplicationContext: initialization completed in 117 ms
{"@timestamp":"2025-08-18T18:41:13.892797+05:30","@version":"1","message":"Root WebApplicationContext: initialization completed in 117 ms","logger_name":"org.springframework.boot.web.servlet.context.ServletWebServerApplicationContext","thread_name":"main","level":"INFO"}
2025-08-18T18:41:13.915+05:30  INFO 69246 --- [order-service] [           main] com.zaxxer.hikari.HikariDataSource       : HikariPool-2 - Starting...
{"@timestamp":"2025-08-18T18:41:13.915185+05:30","@version":"1","message":"HikariPool-2 - Starting...","logger_name":"com.zaxxer.hikari.HikariDataSource","thread_name":"main","level":"INFO"}
2025-08-18T18:41:13.920+05:30  INFO 69246 --- [order-service] [           main] com.zaxxer.hikari.pool.HikariPool        : HikariPool-2 - Added connection org.postgresql.jdbc.PgConnection@686ae6b3
{"@timestamp":"2025-08-18T18:41:13.920625+05:30","@version":"1","message":"HikariPool-2 - Added connection org.postgresql.jdbc.PgConnection@686ae6b3","logger_name":"com.zaxxer.hikari.pool.HikariPool","thread_name":"main","level":"INFO"}
2025-08-18T18:41:13.920+05:30  INFO 69246 --- [order-service] [           main] com.zaxxer.hikari.HikariDataSource       : HikariPool-2 - Start completed.
{"@timestamp":"2025-08-18T18:41:13.920879+05:30","@version":"1","message":"HikariPool-2 - Start completed.","logger_name":"com.zaxxer.hikari.HikariDataSource","thread_name":"main","level":"INFO"}
2025-08-18T18:41:13.921+05:30  INFO 69246 --- [order-service] [           main] o.hibernate.jpa.internal.util.LogHelper  : HHH000204: Processing PersistenceUnitInfo [name: default]
{"@timestamp":"2025-08-18T18:41:13.921283+05:30","@version":"1","message":"HHH000204: Processing PersistenceUnitInfo [name: default]","logger_name":"org.hibernate.jpa.internal.util.LogHelper","thread_name":"main","level":"INFO"}
2025-08-18T18:41:13.922+05:30  INFO 69246 --- [order-service] [           main] o.h.c.internal.RegionFactoryInitiator    : HHH000026: Second-level cache disabled
{"@timestamp":"2025-08-18T18:41:13.922061+05:30","@version":"1","message":"HHH000026: Second-level cache disabled","logger_name":"org.hibernate.cache.internal.RegionFactoryInitiator","thread_name":"main","level":"INFO"}
2025-08-18T18:41:13.924+05:30  INFO 69246 --- [order-service] [           main] o.s.o.j.p.SpringPersistenceUnitInfo      : No LoadTimeWeaver setup: ignoring JPA class transformer
{"@timestamp":"2025-08-18T18:41:13.924948+05:30","@version":"1","message":"No LoadTimeWeaver setup: ignoring JPA class transformer","logger_name":"org.springframework.orm.jpa.persistenceunit.SpringPersistenceUnitInfo","thread_name":"main","level":"INFO"}
2025-08-18T18:41:13.929+05:30  INFO 69246 --- [order-service] [           main] org.hibernate.orm.connections.pooling    : HHH10001005: Database info:
	Database JDBC URL [Connecting through datasource 'HikariDataSource (HikariPool-2)']
	Database driver: undefined/unknown
	Database version: 13.22
	Autocommit mode: undefined/unknown
	Isolation level: undefined/unknown
	Minimum pool size: undefined/unknown
	Maximum pool size: undefined/unknown
{"@timestamp":"2025-08-18T18:41:13.92906+05:30","@version":"1","message":"HHH10001005: Database info:\n\tDatabase JDBC URL [Connecting through datasource 'HikariDataSource (HikariPool-2)']\n\tDatabase driver: undefined/unknown\n\tDatabase version: 13.22\n\tAutocommit mode: undefined/unknown\n\tIsolation level: undefined/unknown\n\tMinimum pool size: undefined/unknown\n\tMaximum pool size: undefined/unknown","logger_name":"org.hibernate.orm.connections.pooling","thread_name":"main","level":"INFO"}
2025-08-18T18:41:13.939+05:30  INFO 69246 --- [order-service] [           main] o.h.e.t.j.p.i.JtaPlatformInitiator       : HHH000489: No JTA platform available (set 'hibernate.transaction.jta.platform' to enable JTA platform integration)
{"@timestamp":"2025-08-18T18:41:13.93953+05:30","@version":"1","message":"HHH000489: No JTA platform available (set 'hibernate.transaction.jta.platform' to enable JTA platform integration)","logger_name":"org.hibernate.engine.transaction.jta.platform.internal.JtaPlatformInitiator","thread_name":"main","level":"INFO"}
2025-08-18T18:41:13.939+05:30  INFO 69246 --- [order-service] [           main] j.LocalContainerEntityManagerFactoryBean : Initialized JPA EntityManagerFactory for persistence unit 'default'
{"@timestamp":"2025-08-18T18:41:13.939778+05:30","@version":"1","message":"Initialized JPA EntityManagerFactory for persistence unit 'default'","logger_name":"org.springframework.orm.jpa.LocalContainerEntityManagerFactoryBean","thread_name":"main","level":"INFO"}
2025-08-18T18:41:13.964+05:30  WARN 69246 --- [order-service] [           main] JpaBaseConfiguration$JpaWebConfiguration : spring.jpa.open-in-view is enabled by default. Therefore, database queries may be performed during view rendering. Explicitly configure spring.jpa.open-in-view to disable this warning
{"@timestamp":"2025-08-18T18:41:13.964258+05:30","@version":"1","message":"spring.jpa.open-in-view is enabled by default. Therefore, database queries may be performed during view rendering. Explicitly configure spring.jpa.open-in-view to disable this warning","logger_name":"org.springframework.boot.autoconfigure.orm.jpa.JpaBaseConfiguration$JpaWebConfiguration","thread_name":"main","level":"WARN"}
2025-08-18T18:41:13.997+05:30  INFO 69246 --- [order-service] [           main] o.s.b.a.e.web.EndpointLinksResolver      : Exposing 2 endpoints beneath base path '/actuator'
{"@timestamp":"2025-08-18T18:41:13.997179+05:30","@version":"1","message":"Exposing 2 endpoints beneath base path '/actuator'","logger_name":"org.springframework.boot.actuate.endpoint.web.EndpointLinksResolver","thread_name":"main","level":"INFO"}
2025-08-18T18:41:14.004+05:30  INFO 69246 --- [order-service] [           main] o.s.b.w.embedded.tomcat.TomcatWebServer  : Tomcat started on port 56758 (http) with context path '/'
{"@timestamp":"2025-08-18T18:41:14.004178+05:30","@version":"1","message":"Tomcat started on port 56758 (http) with context path '/'","logger_name":"org.springframework.boot.web.embedded.tomcat.TomcatWebServer","thread_name":"main","level":"INFO"}
2025-08-18T18:41:14.004+05:30  INFO 69246 --- [order-service] [           main] o.s.a.r.c.CachingConnectionFactory       : Attempting to connect to: localhost:56756
{"@timestamp":"2025-08-18T18:41:14.004558+05:30","@version":"1","message":"Attempting to connect to: localhost:56756","logger_name":"org.springframework.amqp.rabbit.connection.CachingConnectionFactory","thread_name":"main","level":"INFO"}
2025-08-18T18:41:14.010+05:30  INFO 69246 --- [order-service] [           main] o.s.a.r.c.CachingConnectionFactory       : Created new connection: connectionFactory#1b250e51:0/SimpleConnection@5cf69333 [delegate=amqp://guest@127.0.0.1:56756/, localPort=56759]
{"@timestamp":"2025-08-18T18:41:14.010287+05:30","@version":"1","message":"Created new connection: connectionFactory#1b250e51:0/SimpleConnection@5cf69333 [delegate=amqp://guest@127.0.0.1:56756/, localPort=56759]","logger_name":"org.springframework.amqp.rabbit.connection.CachingConnectionFactory","thread_name":"main","level":"INFO"}
2025-08-18T18:41:14.028+05:30  INFO 69246 --- [order-service] [           main] c.s.order.PaymentFlowIntegrationTest     : Started PaymentFlowIntegrationTest in 0.272 seconds (process running for 12.733)
{"@timestamp":"2025-08-18T18:41:14.028465+05:30","@version":"1","message":"Started PaymentFlowIntegrationTest in 0.272 seconds (process running for 12.733)","logger_name":"com.swifteats.order.PaymentFlowIntegrationTest","thread_name":"main","level":"INFO"}
2025-08-18T18:41:14.096+05:30  INFO 69246 --- [order-service] [o-auto-2-exec-1] o.a.c.c.C.[Tomcat-1].[localhost].[/]     : Initializing Spring DispatcherServlet 'dispatcherServlet'
{"@timestamp":"2025-08-18T18:41:14.096285+05:30","@version":"1","message":"Initializing Spring DispatcherServlet 'dispatcherServlet'","logger_name":"org.apache.catalina.core.ContainerBase.[Tomcat-1].[localhost].[/]","thread_name":"http-nio-auto-2-exec-1","level":"INFO"}
2025-08-18T18:41:14.096+05:30  INFO 69246 --- [order-service] [o-auto-2-exec-1] o.s.web.servlet.DispatcherServlet        : Initializing Servlet 'dispatcherServlet'
{"@timestamp":"2025-08-18T18:41:14.096545+05:30","@version":"1","message":"Initializing Servlet 'dispatcherServlet'","logger_name":"org.springframework.web.servlet.DispatcherServlet","thread_name":"http-nio-auto-2-exec-1","level":"INFO"}
2025-08-18T18:41:14.096+05:30  INFO 69246 --- [order-service] [o-auto-2-exec-1] o.s.web.servlet.DispatcherServlet        : Completed initialization in 0 ms
{"@timestamp":"2025-08-18T18:41:14.09699+05:30","@version":"1","message":"Completed initialization in 0 ms","logger_name":"org.springframework.web.servlet.DispatcherServlet","thread_name":"http-nio-auto-2-exec-1","level":"INFO"}
2025-08-18T18:41:14.139+05:30  INFO 69246 --- [order-service] [           main] c.swifteats.order.poller.OutboxPoller    : Forwarded order 1 payload to payments.incoming
{"@timestamp":"2025-08-18T18:41:14.139342+05:30","@version":"1","message":"Forwarded order 1 payload to payments.incoming","logger_name":"com.swifteats.order.poller.OutboxPoller","thread_name":"main","level":"INFO"}
2025-08-18T18:41:14.140+05:30  INFO 69246 --- [order-service] [           main] c.swifteats.order.poller.OutboxPoller    : Published outbox id=1 eventType=order.created
{"@timestamp":"2025-08-18T18:41:14.14019+05:30","@version":"1","message":"Published outbox id=1 eventType=order.created","logger_name":"com.swifteats.order.poller.OutboxPoller","thread_name":"main","level":"INFO"}
2025-08-18T18:41:14.151+05:30  INFO 69246 --- [order-service] [ntContainer#0-1] c.s.o.t.PaymentMockTestListener          : PaymentMockTestListener received payload: {"id":1,"clientOrderId":"6657bfbf-9c37-4eb1-858d-f66d4836a6fc","restaurantId":1,"totalCents":1500,"createdAt":"2025-08-18T13:11:14.041867Z"}
{"@timestamp":"2025-08-18T18:41:14.15152+05:30","@version":"1","message":"PaymentMockTestListener received payload: {\"id\":1,\"clientOrderId\":\"6657bfbf-9c37-4eb1-858d-f66d4836a6fc\",\"restaurantId\":1,\"totalCents\":1500,\"createdAt\":\"2025-08-18T13:11:14.041867Z\"}","logger_name":"com.swifteats.order.testsupport.PaymentMockTestListener","thread_name":"org.springframework.amqp.rabbit.RabbitListenerEndpointContainer#0-1","level":"INFO"}
2025-08-18T18:41:14.356+05:30  INFO 69246 --- [order-service] [ntContainer#0-1] c.s.o.t.PaymentMockTestListener          : PaymentMockTestListener published result for orderId=6657bfbf-9c37-4eb1-858d-f66d4836a6fc
{"@timestamp":"2025-08-18T18:41:14.356478+05:30","@version":"1","message":"PaymentMockTestListener published result for orderId=6657bfbf-9c37-4eb1-858d-f66d4836a6fc","logger_name":"com.swifteats.order.testsupport.PaymentMockTestListener","thread_name":"org.springframework.amqp.rabbit.RabbitListenerEndpointContainer#0-1","level":"INFO"}
2025-08-18T18:41:14.358+05:30  INFO 69246 --- [order-service] [ntContainer#1-1] c.s.order.amqp.PaymentResultListener     : Received payment result: {orderId=6657bfbf-9c37-4eb1-858d-f66d4836a6fc, status=PAID}
{"@timestamp":"2025-08-18T18:41:14.358306+05:30","@version":"1","message":"Received payment result: {orderId=6657bfbf-9c37-4eb1-858d-f66d4836a6fc, status=PAID}","logger_name":"com.swifteats.order.amqp.PaymentResultListener","thread_name":"org.springframework.amqp.rabbit.RabbitListenerEndpointContainer#1-1","level":"INFO"}
]]></system-out>
  </testcase>
</testsuite>